\BOOKMARK [1][-]{section.0.1}{\376\377\000I\000n\000t\000r\000o\000d\000u\000c\000t\000i\000o\000n}{}% 1
\BOOKMARK [2][-]{subsection.0.1.1}{\376\377\000P\000r\000o\000j\000e\000c\000t\000\040\000C\000o\000n\000t\000e\000x\000t}{section.0.1}% 2
\BOOKMARK [2][-]{subsection.0.1.2}{\376\377\000O\000b\000j\000e\000c\000t\000i\000v\000e\000s}{section.0.1}% 3
\BOOKMARK [1][-]{section.0.2}{\376\377\000M\000a\000t\000e\000r\000i\000a\000l\000s\000\040\000U\000s\000e\000d}{}% 4
\BOOKMARK [1][-]{section.0.3}{\376\377\000I\000m\000p\000l\000e\000m\000e\000n\000t\000a\000t\000i\000o\000n}{}% 5
\BOOKMARK [2][-]{subsection.0.3.1}{\376\377\000O\000v\000e\000r\000a\000l\000l\000\040\000A\000r\000c\000h\000i\000t\000e\000c\000t\000u\000r\000e}{section.0.3}% 6
\BOOKMARK [2][-]{subsection.0.3.2}{\376\377\000C\000a\000m\000e\000r\000a\000\040\000a\000n\000d\000\040\000R\000a\000s\000p\000b\000e\000r\000r\000y\000\040\000p\000i}{section.0.3}% 7
\BOOKMARK [2][-]{subsection.0.3.3}{\376\377\000P\000n\000e\000u\000m\000a\000t\000i\000c\000/\000h\000a\000p\000t\000i\000c\000\040\000s\000y\000s\000t\000e\000m}{section.0.3}% 8
\BOOKMARK [2][-]{subsection.0.3.4}{\376\377\000A\000I\000\040\000M\000o\000d\000e\000l\000s\000\040\000a\000n\000d\000\040\000P\000r\000o\000c\000e\000s\000s\000i\000n\000g}{section.0.3}% 9
\BOOKMARK [2][-]{subsection.0.3.5}{\376\377\000C\000o\000m\000m\000u\000n\000i\000c\000a\000t\000i\000o\000n\000\040\000A\000r\000d\000u\000i\000n\000o\000\040\000-\000\040\000C\000o\000m\000p\000u\000t\000e\000r}{section.0.3}% 10
\BOOKMARK [2][-]{subsection.0.3.6}{\376\377\000U\000s\000e\000r\000\040\000I\000n\000t\000e\000r\000f\000a\000c\000e\000\040\000a\000n\000d\000\040\000C\000A\000D\000\040\000D\000e\000s\000i\000g\000n}{section.0.3}% 11
\BOOKMARK [1][-]{section.0.4}{\376\377\000F\000o\000n\000c\000t\000i\000o\000n\000n\000a\000l\000i\000t\000i\000e\000s\000\040\000a\000n\000d\000\040\000U\000s\000e\000r\000\040\000I\000n\000t\000e\000r\000a\000c\000t\000i\000o\000n}{}% 12
\BOOKMARK [2][-]{subsection.0.4.1}{\376\377\000O\000p\000e\000r\000a\000t\000i\000n\000g\000\040\000M\000o\000d\000e\000s}{section.0.4}% 13
\BOOKMARK [2][-]{subsection.0.4.2}{\376\377\000M\000o\000d\000e\000\040\000S\000e\000l\000e\000c\000t\000i\000o\000n\000\040\000I\000n\000t\000e\000r\000f\000a\000c\000e}{section.0.4}% 14
\BOOKMARK [2][-]{subsection.0.4.3}{\376\377\000E\000m\000o\000t\000i\000o\000n\000\040\000D\000e\000t\000e\000c\000t\000i\000o\000n\000\040\000F\000u\000n\000c\000t\000i\000o\000n\000a\000l\000i\000t\000y}{section.0.4}% 15
\BOOKMARK [2][-]{subsection.0.4.4}{\376\377\000O\000b\000s\000t\000a\000c\000l\000e\000\040\000D\000e\000t\000e\000c\000t\000i\000o\000n\000\040\000F\000u\000n\000c\000t\000i\000o\000n\000a\000l\000i\000t\000y}{section.0.4}% 16
\BOOKMARK [2][-]{subsection.0.4.5}{\376\377\000N\000e\000u\000t\000r\000a\000l\000\040\000M\000o\000d\000e\000\040\000a\000n\000d\000\040\000S\000a\000f\000e\000t\000y}{section.0.4}% 17
\BOOKMARK [1][-]{section.0.5}{\376\377\000I\000n\000i\000t\000i\000a\000l\000\040\000O\000b\000j\000e\000c\000t\000i\000v\000e\000s\000\040\000a\000n\000d\000\040\000A\000c\000h\000i\000e\000v\000e\000d\000\040\000O\000u\000t\000c\000o\000m\000e\000s}{}% 18
\BOOKMARK [2][-]{subsection.0.5.1}{\376\377\000I\000n\000i\000t\000i\000a\000l\000\040\000P\000r\000o\000j\000e\000c\000t\000\040\000O\000b\000j\000e\000c\000t\000i\000v\000e\000s}{section.0.5}% 19
\BOOKMARK [2][-]{subsection.0.5.2}{\376\377\000A\000c\000h\000i\000e\000v\000e\000d\000\040\000O\000b\000j\000e\000c\000t\000i\000v\000e\000s}{section.0.5}% 20
\BOOKMARK [2][-]{subsection.0.5.3}{\376\377\000U\000n\000a\000c\000h\000i\000e\000v\000e\000d\000\040\000O\000b\000j\000e\000c\000t\000i\000v\000e\000s\000\040\000a\000n\000d\000\040\000S\000y\000s\000t\000e\000m\000\040\000L\000i\000m\000i\000t\000a\000t\000i\000o\000n\000s}{section.0.5}% 21
\BOOKMARK [1][-]{section.0.6}{\376\377\000C\000o\000n\000c\000l\000u\000s\000i\000o\000n}{}% 22
